CSL editor client side errors
-----------------------------


Date: 05.07.2012 09:46:26
Uncaught TypeError: undefined is not a function
Url: http://localhost/csl-source/src/infoPropertyPanel.js
Line: 248

Date: 05.07.2012 14:23:34
Uncaught TypeError: Cannot call method 'hasOwnProperty' of null
Url: http://localhost/csl-source/src/cslNode.js
Line: 8

Date: 05.07.2012 14:23:34
Uncaught TypeError: Cannot call method 'hasOwnProperty' of null
Url: http://localhost/csl-source/src/cslNode.js
Line: 8

Date: 05.07.2012 14:23:34
Uncaught TypeError: Cannot read property 'name' of null
Url: http://localhost/csl-source/src/syntaxHighlight.js
Line: 85

Date: 05.07.2012 14:23:34
Uncaught TypeError: Cannot read property 'name' of null
Url: http://localhost/csl-source/src/syntaxHighlight.js
Line: 85

Date: 05.07.2012 14:23:34
Uncaught TypeError: Cannot read property 'name' of null
Url: http://localhost/csl-source/src/syntaxHighlight.js
Line: 85

Date: 05.07.2012 14:23:34
Uncaught TypeError: Cannot read property 'name' of null
Url: http://localhost/csl-source/src/syntaxHighlight.js
Line: 85

Date: 05.07.2012 14:23:34
Uncaught TypeError: Cannot read property 'name' of null
Url: http://localhost/csl-source/src/syntaxHighlight.js
Line: 85

Date: 05.07.2012 14:23:37
Uncaught TypeError: Cannot call method 'hasOwnProperty' of null
Url: http://localhost/csl-source/src/cslNode.js
Line: 8

Date: 05.07.2012 14:23:37
Uncaught TypeError: Cannot call method 'hasOwnProperty' of null
Url: http://localhost/csl-source/src/cslNode.js
Line: 8

Date: 05.07.2012 14:23:39
Uncaught TypeError: Cannot call method 'hasOwnProperty' of null
Url: http://localhost/csl-source/src/cslNode.js
Line: 8

Date: 05.07.2012 14:23:41
Uncaught TypeError: Cannot call method 'hasOwnProperty' of null
Url: http://localhost/csl-source/src/cslNode.js
Line: 8

Date: 05.07.2012 14:23:41
Uncaught TypeError: Cannot call method 'hasOwnProperty' of null
Url: http://localhost/csl-source/src/cslNode.js
Line: 8
